<?xml version="1.0" encoding="UTF-8"?>
<testng-results skipped="0" failed="0" ignored="0" total="1" passed="1">
  <reporter-output>
  </reporter-output>
  <suite name="Suite" duration-ms="6896" started-at="2021-11-24T16:30:23 IST" finished-at="2021-11-24T16:30:30 IST">
    <groups>
    </groups>
    <test name="Test" duration-ms="6896" started-at="2021-11-24T16:30:23 IST" finished-at="2021-11-24T16:30:30 IST">
      <class name="Demo">
        <test-method status="PASS" signature="openBrowser()[pri:0, instance:Demo@e25b2fe]" name="openBrowser" is-config="true" duration-ms="4670" started-at="2021-11-24T16:30:23 IST" finished-at="2021-11-24T16:30:27 IST">
          <reporter-output>
          </reporter-output>
        </test-method> <!-- openBrowser -->
        <test-method status="PASS" signature="test()[pri:0, instance:Demo@e25b2fe]" name="test" duration-ms="1485" started-at="2021-11-24T16:30:27 IST" finished-at="2021-11-24T16:30:29 IST">
          <reporter-output>
          </reporter-output>
        </test-method> <!-- test -->
        <test-method status="PASS" signature="closeBrowser()[pri:0, instance:Demo@e25b2fe]" name="closeBrowser" is-config="true" duration-ms="726" started-at="2021-11-24T16:30:29 IST" finished-at="2021-11-24T16:30:30 IST">
          <reporter-output>
          </reporter-output>
        </test-method> <!-- closeBrowser -->
      </class> <!-- Demo -->
    </test> <!-- Test -->
  </suite> <!-- Suite -->
</testng-results>
